<?xml version="1.0" encoding="UTF-8"?>
<!-- Generated by org.testng.reporters.JUnitReportReporter -->
<testsuite hostname="HINLT118" failures="0" tests="6" name="api.test.DDTests" time="9.011" errors="0" timestamp="2023-03-26T18:20:17 IST" skipped="0">
  <testcase classname="api.test.DDTests" name="testPostUser" time="1.475"/>
  <system-out/>
  <testcase classname="api.test.DDTests" name="testPostUser" time="1.490"/>
  <system-out/>
  <testcase classname="api.test.DDTests" name="testPostUser" time="1.535"/>
  <system-out/>
  <testcase classname="api.test.DDTests" name="testDeleteUserByName" time="1.518"/>
  <system-out/>
  <testcase classname="api.test.DDTests" name="testDeleteUserByName" time="1.516"/>
  <system-out/>
  <testcase classname="api.test.DDTests" name="testDeleteUserByName" time="1.477"/>
  <system-out/>
</testsuite> <!-- api.test.DDTests -->
