<?xml version="1.0" encoding="UTF-8"?>
<!-- Generated by org.testng.reporters.JUnitReportReporter -->
<testsuite hostname="HINLT118" failures="0" tests="4" name="api.test.UserTests" time="9.555" errors="0" timestamp="2023-03-26T19:13:17 IST" skipped="0">
  <testcase classname="api.test.UserTests" name="testPostUser" time="3.468"/>
  <system-out/>
  <testcase classname="api.test.UserTests" name="testGetUserByName" time="1.504"/>
  <system-out/>
  <testcase classname="api.test.UserTests" name="updateUserByName" time="3.062"/>
  <system-out/>
  <testcase classname="api.test.UserTests" name="deleteUserByName" time="1.521"/>
  <system-out/>
</testsuite> <!-- api.test.UserTests -->
