<?xml version="1.0" encoding="UTF-8"?>
<!-- Generated by org.testng.reporters.JUnitReportReporter -->
<testsuite hostname="HINLT118" failures="0" tests="6" name="api.test.DDTests" time="8.968" errors="0" timestamp="2023-03-26T19:13:17 IST" skipped="0">
  <testcase classname="api.test.DDTests" name="testPostUser" time="1.522"/>
  <system-out/>
  <testcase classname="api.test.DDTests" name="testPostUser" time="1.469"/>
  <system-out/>
  <testcase classname="api.test.DDTests" name="testPostUser" time="1.525"/>
  <system-out/>
  <testcase classname="api.test.DDTests" name="testDeleteUserByName" time="1.509"/>
  <system-out/>
  <testcase classname="api.test.DDTests" name="testDeleteUserByName" time="1.469"/>
  <system-out/>
  <testcase classname="api.test.DDTests" name="testDeleteUserByName" time="1.474"/>
  <system-out/>
</testsuite> <!-- api.test.DDTests -->
