<?xml version="1.0" encoding="UTF-8"?>
<!-- Generated by org.testng.reporters.JUnitReportReporter -->
<testsuite hostname="Madhavi-Vinay" failures="0" tests="4" name="api.test.UserTests" time="9.042" errors="0" timestamp="2024-08-24T15:49:57 IST" skipped="0">
  <testcase classname="api.test.UserTests" name="testPostUser" time="3.061"/>
  <system-out/>
  <testcase classname="api.test.UserTests" name="testGetUserByName" time="1.478"/>
  <system-out/>
  <testcase classname="api.test.UserTests" name="updateUserByName" time="2.964"/>
  <system-out/>
  <testcase classname="api.test.UserTests" name="deleteUserByName" time="1.539"/>
  <system-out/>
</testsuite> <!-- api.test.UserTests -->
