<?xml version="1.0" encoding="UTF-8"?>
<!-- Generated by org.testng.reporters.JUnitReportReporter -->
<testsuite hostname="Madhavi-Vinay" failures="0" tests="6" name="api.test.DDTests" time="8.938" errors="0" timestamp="2024-08-24T15:49:57 IST" skipped="0">
  <testcase classname="api.test.DDTests" name="testPostUser" time="1.513"/>
  <system-out/>
  <testcase classname="api.test.DDTests" name="testPostUser" time="1.504"/>
  <system-out/>
  <testcase classname="api.test.DDTests" name="testPostUser" time="1.469"/>
  <system-out/>
  <testcase classname="api.test.DDTests" name="testDeleteUserByName" time="1.497"/>
  <system-out/>
  <testcase classname="api.test.DDTests" name="testDeleteUserByName" time="1.443"/>
  <system-out/>
  <testcase classname="api.test.DDTests" name="testDeleteUserByName" time="1.512"/>
  <system-out/>
</testsuite> <!-- api.test.DDTests -->
